[2024-02-07 16:11:25,579] DEBUG preRegister called. Server=com.sun.jmx.mbeanserver.JmxMBeanServer@2437c6dc, name=log4j:logger=kafka.controller (kafka.controller)
[2024-02-07 16:11:41,872] INFO [ControllerEventThread controllerId=0] Starting (kafka.controller.ControllerEventManager$ControllerEventThread)
[2024-02-07 16:11:41,905] INFO [Controller id=0] 0 successfully elected as the controller. Epoch incremented to 1 and epoch zk version is now 1 (kafka.controller.KafkaController)
[2024-02-07 16:11:41,906] INFO [Controller id=0] Registering handlers (kafka.controller.KafkaController)
[2024-02-07 16:11:41,914] INFO [Controller id=0] Deleting log dir event notifications (kafka.controller.KafkaController)
[2024-02-07 16:11:41,918] INFO [Controller id=0] Deleting isr change notifications (kafka.controller.KafkaController)
[2024-02-07 16:11:41,920] INFO [Controller id=0] Initializing controller context (kafka.controller.KafkaController)
[2024-02-07 16:11:41,975] INFO [Controller id=0] Initialized broker epochs cache: Map(0 -> 24) (kafka.controller.KafkaController)
[2024-02-07 16:11:41,981] DEBUG [Controller id=0] Register BrokerModifications handler for Set(0) (kafka.controller.KafkaController)
[2024-02-07 16:11:41,988] DEBUG [Channel manager on controller 0]: Controller 0 trying to connect to broker 0 (kafka.controller.ControllerChannelManager)
[2024-02-07 16:11:42,021] INFO [Controller id=0] Currently active brokers in the cluster: Set(0) (kafka.controller.KafkaController)
[2024-02-07 16:11:42,021] INFO [Controller id=0] Currently shutting brokers in the cluster: Set() (kafka.controller.KafkaController)
[2024-02-07 16:11:42,021] INFO [Controller id=0] Current list of topics in the cluster: Set() (kafka.controller.KafkaController)
[2024-02-07 16:11:42,022] INFO [Controller id=0] Fetching topic deletions in progress (kafka.controller.KafkaController)
[2024-02-07 16:11:42,025] INFO [Controller id=0] List of topics to be deleted:  (kafka.controller.KafkaController)
[2024-02-07 16:11:42,025] INFO [Controller id=0] List of topics ineligible for deletion:  (kafka.controller.KafkaController)
[2024-02-07 16:11:42,026] INFO [Controller id=0] Initializing topic deletion manager (kafka.controller.KafkaController)
[2024-02-07 16:11:42,026] INFO [Topic Deletion Manager 0] Initializing manager with initial deletions: Set(), initial ineligible deletions: Set() (kafka.controller.TopicDeletionManager)
[2024-02-07 16:11:42,028] INFO [Controller id=0] Sending update metadata request (kafka.controller.KafkaController)
[2024-02-07 16:11:42,029] INFO [RequestSendThread controllerId=0] Starting (kafka.controller.RequestSendThread)
[2024-02-07 16:11:42,049] INFO [ReplicaStateMachine controllerId=0] Initializing replica state (kafka.controller.ZkReplicaStateMachine)
[2024-02-07 16:11:42,051] INFO [ReplicaStateMachine controllerId=0] Triggering online replica state changes (kafka.controller.ZkReplicaStateMachine)
[2024-02-07 16:11:42,056] INFO [ReplicaStateMachine controllerId=0] Triggering offline replica state changes (kafka.controller.ZkReplicaStateMachine)
[2024-02-07 16:11:42,056] DEBUG [ReplicaStateMachine controllerId=0] Started replica state machine with initial state -> Map() (kafka.controller.ZkReplicaStateMachine)
[2024-02-07 16:11:42,056] INFO [PartitionStateMachine controllerId=0] Initializing partition state (kafka.controller.ZkPartitionStateMachine)
[2024-02-07 16:11:42,057] INFO [PartitionStateMachine controllerId=0] Triggering online partition state changes (kafka.controller.ZkPartitionStateMachine)
[2024-02-07 16:11:42,060] INFO [RequestSendThread controllerId=0] Controller 0 connected to localhost:9092 (id: 0 rack: null) for sending state change requests (kafka.controller.RequestSendThread)
[2024-02-07 16:11:42,065] DEBUG [PartitionStateMachine controllerId=0] Started partition state machine with initial state -> Map() (kafka.controller.ZkPartitionStateMachine)
[2024-02-07 16:11:42,066] INFO [Controller id=0] Ready to serve as the new controller with epoch 1 (kafka.controller.KafkaController)
[2024-02-07 16:11:42,080] INFO [Controller id=0] Partitions undergoing preferred replica election:  (kafka.controller.KafkaController)
[2024-02-07 16:11:42,080] INFO [Controller id=0] Partitions that completed preferred replica election:  (kafka.controller.KafkaController)
[2024-02-07 16:11:42,081] INFO [Controller id=0] Skipping preferred replica election for partitions due to topic deletion:  (kafka.controller.KafkaController)
[2024-02-07 16:11:42,081] INFO [Controller id=0] Resuming preferred replica election for partitions:  (kafka.controller.KafkaController)
[2024-02-07 16:11:42,082] INFO [Controller id=0] Starting replica leader election (PREFERRED) for partitions  triggered by ZkTriggered (kafka.controller.KafkaController)
[2024-02-07 16:11:42,095] INFO [Controller id=0] Starting the controller scheduler (kafka.controller.KafkaController)
[2024-02-07 16:11:47,096] INFO [Controller id=0] Processing automatic preferred replica leader election (kafka.controller.KafkaController)
[2024-02-07 16:11:47,096] TRACE [Controller id=0] Checking need to trigger auto leader balancing (kafka.controller.KafkaController)
[2024-02-07 16:12:09,305] INFO [Controller id=0] New topics: [Set(velib-projet)], deleted topics: [Set()], new partition replica assignment [Map(velib-projet-0 -> ReplicaAssignment(replicas=0, addingReplicas=, removingReplicas=))] (kafka.controller.KafkaController)
[2024-02-07 16:12:09,305] INFO [Controller id=0] New partition creation callback for velib-projet-0 (kafka.controller.KafkaController)
[2024-02-07 16:12:13,387] INFO [Controller id=0] New topics: [Set(velib-projet-final-data)], deleted topics: [Set()], new partition replica assignment [Map(velib-projet-final-data-0 -> ReplicaAssignment(replicas=0, addingReplicas=, removingReplicas=))] (kafka.controller.KafkaController)
[2024-02-07 16:12:13,388] INFO [Controller id=0] New partition creation callback for velib-projet-final-data-0 (kafka.controller.KafkaController)
[2024-02-07 16:16:47,097] INFO [Controller id=0] Processing automatic preferred replica leader election (kafka.controller.KafkaController)
[2024-02-07 16:16:47,098] TRACE [Controller id=0] Checking need to trigger auto leader balancing (kafka.controller.KafkaController)
[2024-02-07 16:16:47,099] DEBUG [Controller id=0] Topics not in preferred replica for broker 0 Map() (kafka.controller.KafkaController)
[2024-02-07 16:16:47,103] TRACE [Controller id=0] Leader imbalance ratio for broker 0 is 0.0 (kafka.controller.KafkaController)
[2024-02-07 16:21:47,104] INFO [Controller id=0] Processing automatic preferred replica leader election (kafka.controller.KafkaController)
[2024-02-07 16:21:47,106] TRACE [Controller id=0] Checking need to trigger auto leader balancing (kafka.controller.KafkaController)
[2024-02-07 16:21:47,107] DEBUG [Controller id=0] Topics not in preferred replica for broker 0 Map() (kafka.controller.KafkaController)
[2024-02-07 16:21:47,107] TRACE [Controller id=0] Leader imbalance ratio for broker 0 is 0.0 (kafka.controller.KafkaController)
[2024-02-07 16:26:47,107] INFO [Controller id=0] Processing automatic preferred replica leader election (kafka.controller.KafkaController)
[2024-02-07 16:26:47,108] TRACE [Controller id=0] Checking need to trigger auto leader balancing (kafka.controller.KafkaController)
[2024-02-07 16:26:47,108] DEBUG [Controller id=0] Topics not in preferred replica for broker 0 Map() (kafka.controller.KafkaController)
[2024-02-07 16:26:47,108] TRACE [Controller id=0] Leader imbalance ratio for broker 0 is 0.0 (kafka.controller.KafkaController)
[2024-02-07 16:31:47,108] INFO [Controller id=0] Processing automatic preferred replica leader election (kafka.controller.KafkaController)
[2024-02-07 16:31:47,109] TRACE [Controller id=0] Checking need to trigger auto leader balancing (kafka.controller.KafkaController)
[2024-02-07 16:31:47,109] DEBUG [Controller id=0] Topics not in preferred replica for broker 0 Map() (kafka.controller.KafkaController)
[2024-02-07 16:31:47,109] TRACE [Controller id=0] Leader imbalance ratio for broker 0 is 0.0 (kafka.controller.KafkaController)
[2024-02-07 16:34:52,200] INFO [Controller id=0] Shutting down broker 0 (kafka.controller.KafkaController)
[2024-02-07 16:34:52,200] DEBUG [Controller id=0] All shutting down brokers: 0 (kafka.controller.KafkaController)
[2024-02-07 16:34:52,200] DEBUG [Controller id=0] Live brokers:  (kafka.controller.KafkaController)
[2024-02-07 16:34:52,204] TRACE [Controller id=0] All leaders = velib-projet-0 -> (Leader:0,ISR:0,LeaderEpoch:0,ControllerEpoch:1),velib-projet-final-data-0 -> (Leader:0,ISR:0,LeaderEpoch:0,ControllerEpoch:1) (kafka.controller.KafkaController)
[2024-02-07 16:34:53,434] INFO [ControllerEventThread controllerId=0] Shutting down (kafka.controller.ControllerEventManager$ControllerEventThread)
[2024-02-07 16:34:53,434] INFO [ControllerEventThread controllerId=0] Stopped (kafka.controller.ControllerEventManager$ControllerEventThread)
[2024-02-07 16:34:53,435] INFO [ControllerEventThread controllerId=0] Shutdown completed (kafka.controller.ControllerEventManager$ControllerEventThread)
[2024-02-07 16:34:53,435] DEBUG [Controller id=0] Resigning (kafka.controller.KafkaController)
[2024-02-07 16:34:53,436] DEBUG [Controller id=0] Unregister BrokerModifications handler for Set(0) (kafka.controller.KafkaController)
[2024-02-07 16:34:53,438] INFO [PartitionStateMachine controllerId=0] Stopped partition state machine (kafka.controller.ZkPartitionStateMachine)
[2024-02-07 16:34:53,439] INFO [ReplicaStateMachine controllerId=0] Stopped replica state machine (kafka.controller.ZkReplicaStateMachine)
[2024-02-07 16:34:53,439] INFO [RequestSendThread controllerId=0] Shutting down (kafka.controller.RequestSendThread)
[2024-02-07 16:34:53,439] INFO [RequestSendThread controllerId=0] Stopped (kafka.controller.RequestSendThread)
[2024-02-07 16:34:53,440] INFO [RequestSendThread controllerId=0] Shutdown completed (kafka.controller.RequestSendThread)
[2024-02-07 16:34:53,441] INFO [Controller id=0] Resigned (kafka.controller.KafkaController)
